<?xml version="1.0" encoding="UTF-8"?>
<testng-results ignored="0" total="1" passed="1" failed="0" skipped="0">
  <reporter-output>
  </reporter-output>
  <suite started-at="2023-10-11T15:45:59 IST" name="Default suite" finished-at="2023-10-11T15:46:02 IST" duration-ms="2875">
    <groups>
    </groups>
    <test started-at="2023-10-11T15:45:59 IST" name="Default test" finished-at="2023-10-11T15:46:02 IST" duration-ms="2875">
      <class name="Test_1.Test1">
        <test-method signature="Validation()[pri:0, instance:Test_1.Test1@5c33f1a9]" started-at="2023-10-11T15:45:59 IST" name="Validation" finished-at="2023-10-11T15:46:02 IST" duration-ms="2824" status="PASS">
          <reporter-output>
          </reporter-output>
        </test-method> <!-- Validation -->
      </class> <!-- Test_1.Test1 -->
    </test> <!-- Default test -->
  </suite> <!-- Default suite -->
</testng-results>
